<?xml version="1.0" encoding="UTF-8"?>
<!-- Generated by org.testng.reporters.JUnitXMLReporter -->
<testsuite ignored="1" hostname="DESKTOP-GTO6C35" failures="0" tests="2" name="Default test" time="11.338" errors="0" timestamp="2021-05-31T22:36:47 IST">
  <testcase classname="ui.SkipTestInTestNG" name="operation1" time="5.083"/>
  <testcase classname="ui.SkipTestInTestNG" name="operation3" time="0.01"/>
  <testcase classname="ui.SkipTestInTestNG" name="operation2" time="0.0">
    <ignored/>
  </testcase> <!-- operation2 -->
</testsuite> <!-- Default test -->
