<?xml version="1.0" encoding="UTF-8"?>
<testng-results ignored="0" total="2" passed="2" failed="0" skipped="0">
  <reporter-output>
  </reporter-output>
  <suite started-at="2021-06-12T19:54:55 IST" name="Default suite" finished-at="2021-06-12T19:55:10 IST" duration-ms="15023">
    <groups>
    </groups>
    <test started-at="2021-06-12T19:54:55 IST" name="Default test" finished-at="2021-06-12T19:55:10 IST" duration-ms="15023">
      <class name="ui.DataProvider">
        <test-method signature="test(java.lang.String,java.lang.String)[pri:0, instance:ui.DataProvider@3246fb96]" started-at="2021-06-12T19:54:55 IST" name="test" data-provider="dataset" finished-at="2021-06-12T19:55:03 IST" duration-ms="8091" status="PASS">
          <params>
            <param index="0">
              <value>
                <![CDATA[standard_user]]>
              </value>
            </param>
            <param index="1">
              <value>
                <![CDATA[secret_sauce]]>
              </value>
            </param>
          </params>
          <reporter-output>
          </reporter-output>
        </test-method> <!-- test -->
        <test-method signature="test(java.lang.String,java.lang.String)[pri:0, instance:ui.DataProvider@3246fb96]" started-at="2021-06-12T19:55:03 IST" name="test" data-provider="dataset" finished-at="2021-06-12T19:55:10 IST" duration-ms="6869" status="PASS">
          <params>
            <param index="0">
              <value>
                <![CDATA[locked_out_user]]>
              </value>
            </param>
            <param index="1">
              <value>
                <![CDATA[secret_sauce]]>
              </value>
            </param>
          </params>
          <reporter-output>
          </reporter-output>
        </test-method> <!-- test -->
      </class> <!-- ui.DataProvider -->
    </test> <!-- Default test -->
  </suite> <!-- Default suite -->
</testng-results>
