<?xml version="1.0" encoding="UTF-8"?>
<testng-results ignored="1" total="3" passed="2" failed="0" skipped="0">
  <reporter-output>
  </reporter-output>
  <suite started-at="2021-05-31T22:36:36 IST" name="Default suite" finished-at="2021-05-31T22:36:47 IST" duration-ms="11338">
    <groups>
    </groups>
    <test started-at="2021-05-31T22:36:36 IST" name="Default test" finished-at="2021-05-31T22:36:47 IST" duration-ms="11338">
      <class name="ui.SkipTestInTestNG">
        <test-method is-config="true" signature="setBrowser()[pri:0, instance:ui.SkipTestInTestNG@34f5090e]" started-at="2021-05-31T22:36:36 IST" name="setBrowser" finished-at="2021-05-31T22:36:38 IST" duration-ms="1979" status="PASS">
          <reporter-output>
          </reporter-output>
        </test-method> <!-- setBrowser -->
        <test-method signature="operation1()[pri:0, instance:ui.SkipTestInTestNG@34f5090e]" started-at="2021-05-31T22:36:38 IST" name="operation1" finished-at="2021-05-31T22:36:43 IST" duration-ms="5083" status="PASS">
          <reporter-output>
          </reporter-output>
        </test-method> <!-- operation1 -->
        <test-method signature="operation3()[pri:0, instance:ui.SkipTestInTestNG@34f5090e]" started-at="2021-05-31T22:36:43 IST" name="operation3" finished-at="2021-05-31T22:36:43 IST" duration-ms="10" status="PASS">
          <reporter-output>
          </reporter-output>
        </test-method> <!-- operation3 -->
        <test-method is-config="true" signature="closeEverything()[pri:0, instance:ui.SkipTestInTestNG@34f5090e]" started-at="2021-05-31T22:36:43 IST" name="closeEverything" finished-at="2021-05-31T22:36:47 IST" duration-ms="4204" status="PASS">
          <reporter-output>
          </reporter-output>
        </test-method> <!-- closeEverything -->
      </class> <!-- ui.SkipTestInTestNG -->
    </test> <!-- Default test -->
  </suite> <!-- Default suite -->
</testng-results>
