<?xml version="1.0" encoding="UTF-8"?>
<!-- Generated by org.testng.reporters.JUnitXMLReporter -->
<testsuite ignored="0" hostname="DESKTOP-GTO6C35" failures="0" tests="7" name="Test" time="16.317" errors="0" timestamp="2021-05-30T12:29:03 IST">
  <testcase classname="ui.LoginClass" name="sampleProgram" time="0.011"/>
  <testcase classname="ui.LoginClass" name="loginClass" time="6.945"/>
  <testcase classname="ui.TestSuitCreation" name="setBrowser" time="1.238"/>
  <testcase classname="ui.TestSuitCreation" name="operation" time="1.486"/>
  <testcase classname="ui.TestSuitCreation" name="closeEverything" time="0.119"/>
  <testcase classname="ui.VerifyTitleTest" name="verifyTitleHardAssert" time="1.782"/>
  <testcase classname="ui.VerifyTitleTest" name="verifyTitleSoftAssert" time="0.242"/>
</testsuite> <!-- Test -->
